<?xml version="1.0" encoding="UTF-8"?>
<testsuite xmlns:xsi="http://www.w3.org/2001/XMLSchema-instance" xsi:noNamespaceSchemaLocation="https://maven.apache.org/surefire/maven-surefire-plugin/xsd/surefire-test-report-3.0.xsd" version="3.0" name="com.example.gestionstagesmaroc.repository.ApplicationRepositoryTest" time="1.185" tests="1" errors="0" skipped="0" failures="0">
  <properties>
[...]
</properties>
  <testcase name="testFindAll" classname="com.example.gestionstagesmaroc.repository.ApplicationRepositoryTest" time="0.181">
    <system-out><![CDATA[2026-05-02T20:09:35.538+01:00  INFO 34380 --- [           main] t.c.s.AnnotationConfigContextLoaderUtils : Could not detect default configuration classes for test class [com.example.gestionstagesmaroc.repository.ApplicationRepositoryTest]: ApplicationRepositoryTest does not declare any static, non-private, non-final, nested classes annotated with @Configuration.
2026-05-02T20:09:35.567+01:00  INFO 34380 --- [           main] .b.t.c.SpringBootTestContextBootstrapper : Found @SpringBootConfiguration com.example.gestionstagesmaroc.GestionStagesMarocApplication for test class com.example.gestionstagesmaroc.repository.ApplicationRepositoryTest
2026-05-02T20:09:35.576+01:00  INFO 34380 --- [           main] o.s.b.d.r.RestartApplicationListener     : Restart disabled due to context in which it is running

  .   ____          _            __ _ _
 /\\ / ___'_ __ _ _(_)_ __  __ _ \ \ \ \
( ( )\___ | '_ | '_| | '_ \/ _` | \ \ \ \
 \\/  ___)| |_)| | | | | || (_| |  ) ) ) )
  '  |____| .__|_| |_|_| |_\__, | / / / /
 =========|_|==============|___/=/_/_/_/
 :: Spring Boot ::                (v3.2.0)

2026-05-02T20:09:35.636+01:00  INFO 34380 --- [           main] c.e.g.r.ApplicationRepositoryTest        : Starting ApplicationRepositoryTest using Java 21.0.10 with PID 34380 (started by aziza in C:\Users\aziza\projet-GL\backend)
2026-05-02T20:09:35.636+01:00  INFO 34380 --- [           main] c.e.g.r.ApplicationRepositoryTest        : No active profile set, falling back to 1 default profile: "default"
2026-05-02T20:09:35.915+01:00  INFO 34380 --- [           main] .s.d.r.c.RepositoryConfigurationDelegate : Bootstrapping Spring Data JPA repositories in DEFAULT mode.
2026-05-02T20:09:35.932+01:00  INFO 34380 --- [           main] .s.d.r.c.RepositoryConfigurationDelegate : Finished Spring Data repository scanning in 21 ms. Found 3 JPA repository interfaces.
2026-05-02T20:09:36.086+01:00  INFO 34380 --- [           main] o.hibernate.jpa.internal.util.LogHelper  : HHH000204: Processing PersistenceUnitInfo [name: default]
2026-05-02T20:09:36.093+01:00  INFO 34380 --- [           main] o.h.c.internal.RegionFactoryInitiator    : HHH000026: Second-level cache disabled
2026-05-02T20:09:36.099+01:00  INFO 34380 --- [           main] o.s.o.j.p.SpringPersistenceUnitInfo      : No LoadTimeWeaver setup: ignoring JPA class transformer
2026-05-02T20:09:36.101+01:00  INFO 34380 --- [           main] com.zaxxer.hikari.HikariDataSource       : HikariPool-2 - Starting...
2026-05-02T20:09:36.112+01:00  INFO 34380 --- [           main] com.zaxxer.hikari.pool.HikariPool        : HikariPool-2 - Added connection com.mysql.cj.jdbc.ConnectionImpl@3c1fd5aa
2026-05-02T20:09:36.112+01:00  INFO 34380 --- [           main] com.zaxxer.hikari.HikariDataSource       : HikariPool-2 - Start completed.
2026-05-02T20:09:36.115+01:00  WARN 34380 --- [           main] org.hibernate.orm.deprecation            : HHH90000025: MySQLDialect does not need to be specified explicitly using 'hibernate.dialect' (remove the property setting and it will be selected by default)
2026-05-02T20:09:36.195+01:00  INFO 34380 --- [           main] o.h.e.t.j.p.i.JtaPlatformInitiator       : HHH000489: No JTA platform available (set 'hibernate.transaction.jta.platform' to enable JTA platform integration)
2026-05-02T20:09:36.244+01:00  INFO 34380 --- [           main] j.LocalContainerEntityManagerFactoryBean : Initialized JPA EntityManagerFactory for persistence unit 'default'
2026-05-02T20:09:36.479+01:00  WARN 34380 --- [           main] ion$DefaultTemplateResolverConfiguration : Cannot find template location: classpath:/templates/ (please add some templates, check your Thymeleaf configuration, or set spring.thymeleaf.check-template-location=false)
2026-05-02T20:09:36.536+01:00  INFO 34380 --- [           main] c.e.g.r.ApplicationRepositoryTest        : Started ApplicationRepositoryTest in 0.96 seconds (process running for 9.637)
Hibernate: select a1_0.id,a1_0.internship_id,a1_0.status,a1_0.user_id from applications a1_0
Hibernate: select i1_0.id,i1_0.company,i1_0.description,i1_0.duration,i1_0.location,i1_0.title,i1_0.website from stage_offers i1_0 where i1_0.id=?
Hibernate: select u1_0.id,u1_0.adresse,u1_0.ecole,u1_0.email,u1_0.niveau_scolaire,u1_0.nom,u1_0.password,u1_0.prenom,u1_0.telephone from users u1_0 where u1_0.id=?
Hibernate: select i1_0.id,i1_0.company,i1_0.description,i1_0.duration,i1_0.location,i1_0.title,i1_0.website from stage_offers i1_0 where i1_0.id=?
Hibernate: select i1_0.id,i1_0.company,i1_0.description,i1_0.duration,i1_0.location,i1_0.title,i1_0.website from stage_offers i1_0 where i1_0.id=?
]]></system-out>
  </testcase>
</testsuite>