<?xml version="1.0" encoding="UTF-8"?>
<testsuite xmlns:xsi="http://www.w3.org/2001/XMLSchema-instance" xsi:noNamespaceSchemaLocation="https://maven.apache.org/surefire/maven-surefire-plugin/xsd/surefire-test-report-3.0.xsd" version="3.0" name="com.example.gestionstagesmaroc.repository.ApplicationRepositoryTest" time="2.715" tests="1" errors="0" skipped="0" failures="0">
  <properties>
[...]
</properties>
  <testcase name="testFindAll" classname="com.example.gestionstagesmaroc.repository.ApplicationRepositoryTest" time="0.616">
    <system-out><![CDATA[2026-05-21T16:01:18.057+01:00  INFO 49968 --- [           main] t.c.s.AnnotationConfigContextLoaderUtils : Could not detect default configuration classes for test class [com.example.gestionstagesmaroc.repository.ApplicationRepositoryTest]: ApplicationRepositoryTest does not declare any static, non-private, non-final, nested classes annotated with @Configuration.
2026-05-21T16:01:18.145+01:00  INFO 49968 --- [           main] .b.t.c.SpringBootTestContextBootstrapper : Found @SpringBootConfiguration com.example.gestionstagesmaroc.GestionStagesMarocApplication for test class com.example.gestionstagesmaroc.repository.ApplicationRepositoryTest
2026-05-21T16:01:18.162+01:00  INFO 49968 --- [           main] o.s.b.d.r.RestartApplicationListener     : Restart disabled due to context in which it is running

  .   ____          _            __ _ _
 /\\ / ___'_ __ _ _(_)_ __  __ _ \ \ \ \
( ( )\___ | '_ | '_| | '_ \/ _` | \ \ \ \
 \\/  ___)| |_)| | | | | || (_| |  ) ) ) )
  '  |____| .__|_| |_|_| |_\__, | / / / /
 =========|_|==============|___/=/_/_/_/
 :: Spring Boot ::                (v3.2.0)

2026-05-21T16:01:18.336+01:00  INFO 49968 --- [           main] c.e.g.r.ApplicationRepositoryTest        : Starting ApplicationRepositoryTest using Java 21.0.10 with PID 49968 (started by aziza in C:\Users\aziza\projet-GL\gestion-stages-maroc)
2026-05-21T16:01:18.337+01:00  INFO 49968 --- [           main] c.e.g.r.ApplicationRepositoryTest        : No active profile set, falling back to 1 default profile: "default"
2026-05-21T16:01:18.922+01:00  INFO 49968 --- [           main] .s.d.r.c.RepositoryConfigurationDelegate : Bootstrapping Spring Data JPA repositories in DEFAULT mode.
2026-05-21T16:01:18.960+01:00  INFO 49968 --- [           main] .s.d.r.c.RepositoryConfigurationDelegate : Finished Spring Data repository scanning in 37 ms. Found 3 JPA repository interfaces.
2026-05-21T16:01:19.230+01:00  INFO 49968 --- [           main] o.hibernate.jpa.internal.util.LogHelper  : HHH000204: Processing PersistenceUnitInfo [name: default]
2026-05-21T16:01:19.246+01:00  INFO 49968 --- [           main] o.h.c.internal.RegionFactoryInitiator    : HHH000026: Second-level cache disabled
2026-05-21T16:01:19.258+01:00  INFO 49968 --- [           main] o.s.o.j.p.SpringPersistenceUnitInfo      : No LoadTimeWeaver setup: ignoring JPA class transformer
2026-05-21T16:01:19.261+01:00  INFO 49968 --- [           main] com.zaxxer.hikari.HikariDataSource       : HikariPool-2 - Starting...
2026-05-21T16:01:19.264+01:00  INFO 49968 --- [           main] com.zaxxer.hikari.pool.HikariPool        : HikariPool-2 - Added connection conn10: url=jdbc:h2:mem:testdb user=SA
2026-05-21T16:01:19.264+01:00  INFO 49968 --- [           main] com.zaxxer.hikari.HikariDataSource       : HikariPool-2 - Start completed.
2026-05-21T16:01:19.266+01:00  WARN 49968 --- [           main] org.hibernate.orm.deprecation            : HHH90000025: H2Dialect does not need to be specified explicitly using 'hibernate.dialect' (remove the property setting and it will be selected by default)
2026-05-21T16:01:19.453+01:00  INFO 49968 --- [           main] o.h.e.t.j.p.i.JtaPlatformInitiator       : HHH000489: No JTA platform available (set 'hibernate.transaction.jta.platform' to enable JTA platform integration)
Hibernate: drop table if exists applications cascade 
Hibernate: drop table if exists stage_offers cascade 
Hibernate: drop table if exists users cascade 
Hibernate: create table applications (id bigint generated by default as identity, internship_id bigint, user_id bigint, status varchar(255), primary key (id))
Hibernate: create table stage_offers (id bigint generated by default as identity, company varchar(255), description TEXT, duration varchar(255), location varchar(255), title varchar(255), website varchar(255), primary key (id))
Hibernate: create table users (id bigint generated by default as identity, adresse varchar(255), ecole varchar(255), email varchar(255), niveau_scolaire varchar(255), nom varchar(255), password varchar(255), prenom varchar(255), telephone varchar(255), primary key (id))
Hibernate: alter table if exists applications add constraint FKqou283bq0hhcy4q1c55p6cxnb foreign key (internship_id) references stage_offers
Hibernate: alter table if exists applications add constraint FKfsfqljedcla632u568jl5qf3w foreign key (user_id) references users
2026-05-21T16:01:19.489+01:00  INFO 49968 --- [           main] j.LocalContainerEntityManagerFactoryBean : Initialized JPA EntityManagerFactory for persistence unit 'default'
2026-05-21T16:01:19.841+01:00  WARN 49968 --- [           main] JpaBaseConfiguration$JpaWebConfiguration : spring.jpa.open-in-view is enabled by default. Therefore, database queries may be performed during view rendering. Explicitly configure spring.jpa.open-in-view to disable this warning
2026-05-21T16:01:20.130+01:00  INFO 49968 --- [           main] c.e.g.r.ApplicationRepositoryTest        : Started ApplicationRepositoryTest in 1.973 seconds (process running for 25.692)
Hibernate: select a1_0.id,a1_0.internship_id,a1_0.status,a1_0.user_id from applications a1_0
]]></system-out>
  </testcase>
</testsuite>